0 info it worked if it ends with ok
1 verbose cli [ '/usr/local/bin/node', '/usr/local/bin/npm', 'install' ]
2 info using npm@3.10.8
3 info using node@v6.9.1
4 silly loadCurrentTree Starting
5 silly install loadCurrentTree
6 silly install readLocalPackageData
7 silly install normalizeTree
8 silly loadCurrentTree Finishing
9 silly loadIdealTree Starting
10 silly install loadIdealTree
11 silly cloneCurrentTree Starting
12 silly install cloneCurrentTreeToIdealTree
13 silly cloneCurrentTree Finishing
14 silly loadShrinkwrap Starting
15 silly install loadShrinkwrap
16 silly loadShrinkwrap Finishing
17 silly loadAllDepsIntoIdealTree Starting
18 silly install loadAllDepsIntoIdealTree
19 silly loadAllDepsIntoIdealTree Finishing
20 silly loadIdealTree Finishing
21 silly currentTree _09_NodeChatroom@0.0.0
21 silly currentTree ├── accepts@1.2.13
21 silly currentTree ├── acorn-globals@1.0.9
21 silly currentTree ├── acorn@2.7.0
21 silly currentTree ├── after@0.8.2
21 silly currentTree ├── align-text@0.1.4
21 silly currentTree ├── amdefine@1.0.1
21 silly currentTree ├── arraybuffer.slice@0.0.6
21 silly currentTree ├── asap@1.0.0
21 silly currentTree ├── async@0.2.10
21 silly currentTree ├── backo2@1.0.2
21 silly currentTree ├── base64-arraybuffer@0.1.5
21 silly currentTree ├── base64-url@1.3.3
21 silly currentTree ├── base64id@1.0.0
21 silly currentTree ├── basic-auth-connect@1.0.0
21 silly currentTree ├── basic-auth@1.0.4
21 silly currentTree ├── batch@0.5.3
21 silly currentTree ├── better-assert@1.0.2
21 silly currentTree ├── blob@0.0.4
21 silly currentTree ├── bluebird@2.10.2
21 silly currentTree ├── body-parser@1.13.3
21 silly currentTree ├── bson@0.2.22
21 silly currentTree ├── bson@1.0.1
21 silly currentTree ├── buffer-shims@1.0.0
21 silly currentTree ├── bytes@2.1.0
21 silly currentTree ├── callsite@1.0.0
21 silly currentTree ├── camelcase@1.2.1
21 silly currentTree ├── center-align@0.1.3
21 silly currentTree ├── character-parser@1.2.1
21 silly currentTree ├─┬ clean-css@3.4.23
21 silly currentTree │ └── commander@2.8.1
21 silly currentTree ├─┬ cliui@2.1.0
21 silly currentTree │ └── wordwrap@0.0.2
21 silly currentTree ├── commander@2.6.0
21 silly currentTree ├── component-bind@1.0.0
21 silly currentTree ├── component-emitter@1.1.2
21 silly currentTree ├── component-inherit@0.0.3
21 silly currentTree ├── compressible@2.0.9
21 silly currentTree ├── compression@1.5.2
21 silly currentTree ├── connect-timeout@1.6.2
21 silly currentTree ├── connect@2.30.2
21 silly currentTree ├── constantinople@3.0.2
21 silly currentTree ├── content-disposition@0.5.0
21 silly currentTree ├── content-type@1.0.2
21 silly currentTree ├── cookie-parser@1.3.5
21 silly currentTree ├── cookie-signature@1.0.6
21 silly currentTree ├── cookie@0.1.3
21 silly currentTree ├── core-util-is@1.0.2
21 silly currentTree ├── crc@3.3.0
21 silly currentTree ├── csrf@3.0.4
21 silly currentTree ├── css-parse@1.0.4
21 silly currentTree ├── css-stringify@1.0.5
21 silly currentTree ├── css@1.0.8
21 silly currentTree ├── csurf@1.8.3
21 silly currentTree ├── debug@2.2.0
21 silly currentTree ├── decamelize@1.2.0
21 silly currentTree ├── depd@1.0.1
21 silly currentTree ├── destroy@1.0.4
21 silly currentTree ├── ee-first@1.1.1
21 silly currentTree ├─┬ engine.io-client@1.8.2
21 silly currentTree │ ├── component-emitter@1.2.1
21 silly currentTree │ ├── debug@2.3.3
21 silly currentTree │ └── ms@0.7.2
21 silly currentTree ├── engine.io-parser@1.3.2
21 silly currentTree ├─┬ engine.io@1.8.2
21 silly currentTree │ ├── accepts@1.3.3
21 silly currentTree │ ├── cookie@0.3.1
21 silly currentTree │ ├── debug@2.3.3
21 silly currentTree │ ├── ms@0.7.2
21 silly currentTree │ └── negotiator@0.6.1
21 silly currentTree ├─┬ errorhandler@1.4.3
21 silly currentTree │ ├── accepts@1.3.3
21 silly currentTree │ ├── escape-html@1.0.3
21 silly currentTree │ └── negotiator@0.6.1
21 silly currentTree ├── es6-promise@3.2.1
21 silly currentTree ├── escape-html@1.0.2
21 silly currentTree ├── etag@1.7.0
21 silly currentTree ├─┬ express-session@1.11.3
21 silly currentTree │ ├── base64-url@1.2.1
21 silly currentTree │ └── uid-safe@2.0.0
21 silly currentTree ├── express@3.21.2
21 silly currentTree ├── finalhandler@0.4.0
21 silly currentTree ├── forwarded@0.1.0
21 silly currentTree ├── fresh@0.3.0
21 silly currentTree ├── glob@3.2.11
21 silly currentTree ├── graceful-readlink@1.0.1
21 silly currentTree ├── has-binary@0.1.7
21 silly currentTree ├── has-cors@1.1.0
21 silly currentTree ├── hooks-fixed@1.2.0
21 silly currentTree ├── http-errors@1.3.1
21 silly currentTree ├── iconv-lite@0.4.11
21 silly currentTree ├── indexof@0.0.1
21 silly currentTree ├── inherits@2.0.3
21 silly currentTree ├── ipaddr.js@1.0.5
21 silly currentTree ├── is-buffer@1.1.4
21 silly currentTree ├── is-promise@2.1.0
21 silly currentTree ├── isarray@0.0.1
21 silly currentTree ├── jade@1.11.0
21 silly currentTree ├── json3@3.3.2
21 silly currentTree ├── jstransformer@0.0.2
21 silly currentTree ├── kareem@1.1.5
21 silly currentTree ├── kerberos@0.0.11
21 silly currentTree ├── kind-of@3.1.0
21 silly currentTree ├── lazy-cache@1.0.4
21 silly currentTree ├── lodash@4.17.2
21 silly currentTree ├── longest@1.0.1
21 silly currentTree ├── lru-cache@2.7.3
21 silly currentTree ├── media-typer@0.3.0
21 silly currentTree ├── merge-descriptors@1.0.0
21 silly currentTree ├─┬ method-override@2.3.7
21 silly currentTree │ ├── debug@2.3.3
21 silly currentTree │ ├── ms@0.7.2
21 silly currentTree │ └── vary@1.1.0
21 silly currentTree ├── methods@1.1.2
21 silly currentTree ├── mime-db@1.25.0
21 silly currentTree ├── mime-types@2.1.13
21 silly currentTree ├── mime@1.3.4
21 silly currentTree ├── minimatch@0.3.0
21 silly currentTree ├── minimist@0.0.8
21 silly currentTree ├── mkdirp@0.5.1
21 silly currentTree ├─┬ mongodb-core@2.1.2
21 silly currentTree │ └── bson@1.0.1
21 silly currentTree ├─┬ mongodb@1.4.40
21 silly currentTree │ ├── isarray@1.0.0
21 silly currentTree │ └── readable-stream@2.2.2
21 silly currentTree ├─┬ mongoose@4.7.4
21 silly currentTree │ ├── async@2.1.4
21 silly currentTree │ ├── bson@0.5.7
21 silly currentTree │ ├── isarray@1.0.0
21 silly currentTree │ ├── mongodb@2.2.16
21 silly currentTree │ ├── ms@0.7.2
21 silly currentTree │ └── readable-stream@2.1.5
21 silly currentTree ├── morgan@1.6.1
21 silly currentTree ├── mpath@0.2.1
21 silly currentTree ├── mpromise@0.5.5
21 silly currentTree ├─┬ mquery@2.0.0
21 silly currentTree │ └── sliced@0.0.5
21 silly currentTree ├── ms@0.7.1
21 silly currentTree ├── multiparty@3.3.2
21 silly currentTree ├── muri@1.1.1
21 silly currentTree ├── nan@1.8.4
21 silly currentTree ├── negotiator@0.5.3
21 silly currentTree ├── object-assign@4.1.0
21 silly currentTree ├── object-component@0.0.3
21 silly currentTree ├── on-finished@2.3.0
21 silly currentTree ├── on-headers@1.0.1
21 silly currentTree ├── optimist@0.3.7
21 silly currentTree ├── options@0.0.6
21 silly currentTree ├── parsejson@0.0.3
21 silly currentTree ├── parseqs@0.0.5
21 silly currentTree ├── parseuri@0.0.5
21 silly currentTree ├── parseurl@1.3.1
21 silly currentTree ├── pause@0.1.0
21 silly currentTree ├── process-nextick-args@1.0.7
21 silly currentTree ├── promise@6.1.0
21 silly currentTree ├── proxy-addr@1.0.10
21 silly currentTree ├── qs@4.0.0
21 silly currentTree ├── random-bytes@1.0.0
21 silly currentTree ├── range-parser@1.0.3
21 silly currentTree ├─┬ raw-body@2.1.7
21 silly currentTree │ ├── bytes@2.4.0
21 silly currentTree │ └── iconv-lite@0.4.13
21 silly currentTree ├── readable-stream@1.1.14
21 silly currentTree ├── regexp-clone@0.0.1
21 silly currentTree ├── repeat-string@1.6.1
21 silly currentTree ├── require_optional@1.0.0
21 silly currentTree ├── resolve-from@2.0.0
21 silly currentTree ├─┬ response-time@2.3.2
21 silly currentTree │ └── depd@1.1.0
21 silly currentTree ├── right-align@0.1.3
21 silly currentTree ├── rndm@1.2.0
21 silly currentTree ├── sax@0.5.8
21 silly currentTree ├── semver@5.3.0
21 silly currentTree ├─┬ send@0.13.0
21 silly currentTree │ ├── destroy@1.0.3
21 silly currentTree │ └── statuses@1.2.1
21 silly currentTree ├─┬ serve-favicon@2.3.2
21 silly currentTree │ └── ms@0.7.2
21 silly currentTree ├─┬ serve-index@1.7.3
21 silly currentTree │ └── escape-html@1.0.3
21 silly currentTree ├─┬ serve-static@1.10.3
21 silly currentTree │ ├── depd@1.1.0
21 silly currentTree │ ├── escape-html@1.0.3
21 silly currentTree │ ├── send@0.13.2
21 silly currentTree │ └── statuses@1.2.1
21 silly currentTree ├── sigmund@1.0.1
21 silly currentTree ├── sliced@1.0.1
21 silly currentTree ├─┬ socket.io-adapter@0.5.0
21 silly currentTree │ ├── debug@2.3.3
21 silly currentTree │ └── ms@0.7.2
21 silly currentTree ├─┬ socket.io-client@1.7.2
21 silly currentTree │ ├── component-emitter@1.2.1
21 silly currentTree │ ├── debug@2.3.3
21 silly currentTree │ └── ms@0.7.2
21 silly currentTree ├── socket.io-parser@2.3.1
21 silly currentTree ├─┬ socket.io@1.7.2
21 silly currentTree │ ├── debug@2.3.3
21 silly currentTree │ └── ms@0.7.2
21 silly currentTree ├── source-map@0.4.4
21 silly currentTree ├── statuses@1.3.1
21 silly currentTree ├── stream-counter@0.2.0
21 silly currentTree ├── string_decoder@0.10.31
21 silly currentTree ├─┬ stylus@0.49.3
21 silly currentTree │ ├── css-parse@1.7.0
21 silly currentTree │ ├── mkdirp@0.3.5
21 silly currentTree │ └── source-map@0.1.43
21 silly currentTree ├── to-array@0.1.4
21 silly currentTree ├─┬ transformers@2.1.0
21 silly currentTree │ ├── is-promise@1.0.1
21 silly currentTree │ ├── promise@2.0.0
21 silly currentTree │ ├── source-map@0.1.43
21 silly currentTree │ └── uglify-js@2.2.5
21 silly currentTree ├── tsscmp@1.0.5
21 silly currentTree ├── type-is@1.6.14
21 silly currentTree ├─┬ uglify-js@2.7.5
21 silly currentTree │ └── source-map@0.5.6
21 silly currentTree ├── uglify-to-browserify@1.0.2
21 silly currentTree ├── uid-safe@2.1.3
21 silly currentTree ├── ultron@1.0.2
21 silly currentTree ├── unpipe@1.0.0
21 silly currentTree ├── util-deprecate@1.0.2
21 silly currentTree ├── utils-merge@1.0.0
21 silly currentTree ├── vary@1.0.1
21 silly currentTree ├── vhost@3.0.2
21 silly currentTree ├── void-elements@2.0.1
21 silly currentTree ├── window-size@0.1.0
21 silly currentTree ├─┬ with@4.0.3
21 silly currentTree │ └── acorn@1.2.2
21 silly currentTree ├── wordwrap@0.0.3
21 silly currentTree ├── ws@1.1.1
21 silly currentTree ├── wtf-8@1.0.0
21 silly currentTree ├── xmlhttprequest-ssl@1.5.3
21 silly currentTree ├── yargs@3.10.0
21 silly currentTree └── yeast@0.1.2
22 silly idealTree _09_NodeChatroom@0.0.0
22 silly idealTree ├── accepts@1.2.13
22 silly idealTree ├── acorn-globals@1.0.9
22 silly idealTree ├── acorn@2.7.0
22 silly idealTree ├── after@0.8.2
22 silly idealTree ├── align-text@0.1.4
22 silly idealTree ├── amdefine@1.0.1
22 silly idealTree ├── arraybuffer.slice@0.0.6
22 silly idealTree ├── asap@1.0.0
22 silly idealTree ├── async@0.2.10
22 silly idealTree ├── backo2@1.0.2
22 silly idealTree ├── base64-arraybuffer@0.1.5
22 silly idealTree ├── base64-url@1.3.3
22 silly idealTree ├── base64id@1.0.0
22 silly idealTree ├── basic-auth-connect@1.0.0
22 silly idealTree ├── basic-auth@1.0.4
22 silly idealTree ├── batch@0.5.3
22 silly idealTree ├── better-assert@1.0.2
22 silly idealTree ├── blob@0.0.4
22 silly idealTree ├── bluebird@2.10.2
22 silly idealTree ├── body-parser@1.13.3
22 silly idealTree ├── bson@0.2.22
22 silly idealTree ├── bson@1.0.1
22 silly idealTree ├── buffer-shims@1.0.0
22 silly idealTree ├── bytes@2.1.0
22 silly idealTree ├── callsite@1.0.0
22 silly idealTree ├── camelcase@1.2.1
22 silly idealTree ├── center-align@0.1.3
22 silly idealTree ├── character-parser@1.2.1
22 silly idealTree ├─┬ clean-css@3.4.23
22 silly idealTree │ └── commander@2.8.1
22 silly idealTree ├─┬ cliui@2.1.0
22 silly idealTree │ └── wordwrap@0.0.2
22 silly idealTree ├── commander@2.6.0
22 silly idealTree ├── component-bind@1.0.0
22 silly idealTree ├── component-emitter@1.1.2
22 silly idealTree ├── component-inherit@0.0.3
22 silly idealTree ├── compressible@2.0.9
22 silly idealTree ├── compression@1.5.2
22 silly idealTree ├── connect-timeout@1.6.2
22 silly idealTree ├── connect@2.30.2
22 silly idealTree ├── constantinople@3.0.2
22 silly idealTree ├── content-disposition@0.5.0
22 silly idealTree ├── content-type@1.0.2
22 silly idealTree ├── cookie-parser@1.3.5
22 silly idealTree ├── cookie-signature@1.0.6
22 silly idealTree ├── cookie@0.1.3
22 silly idealTree ├── core-util-is@1.0.2
22 silly idealTree ├── crc@3.3.0
22 silly idealTree ├── csrf@3.0.4
22 silly idealTree ├── css-parse@1.0.4
22 silly idealTree ├── css-stringify@1.0.5
22 silly idealTree ├── css@1.0.8
22 silly idealTree ├── csurf@1.8.3
22 silly idealTree ├── debug@2.2.0
22 silly idealTree ├── decamelize@1.2.0
22 silly idealTree ├── depd@1.0.1
22 silly idealTree ├── destroy@1.0.4
22 silly idealTree ├── ee-first@1.1.1
22 silly idealTree ├─┬ engine.io-client@1.8.2
22 silly idealTree │ ├── component-emitter@1.2.1
22 silly idealTree │ ├── debug@2.3.3
22 silly idealTree │ └── ms@0.7.2
22 silly idealTree ├── engine.io-parser@1.3.2
22 silly idealTree ├─┬ engine.io@1.8.2
22 silly idealTree │ ├── accepts@1.3.3
22 silly idealTree │ ├── cookie@0.3.1
22 silly idealTree │ ├── debug@2.3.3
22 silly idealTree │ ├── ms@0.7.2
22 silly idealTree │ └── negotiator@0.6.1
22 silly idealTree ├─┬ errorhandler@1.4.3
22 silly idealTree │ ├── accepts@1.3.3
22 silly idealTree │ ├── escape-html@1.0.3
22 silly idealTree │ └── negotiator@0.6.1
22 silly idealTree ├── es6-promise@3.2.1
22 silly idealTree ├── escape-html@1.0.2
22 silly idealTree ├── etag@1.7.0
22 silly idealTree ├─┬ express-session@1.11.3
22 silly idealTree │ ├── base64-url@1.2.1
22 silly idealTree │ └── uid-safe@2.0.0
22 silly idealTree ├── express@3.21.2
22 silly idealTree ├── finalhandler@0.4.0
22 silly idealTree ├── forwarded@0.1.0
22 silly idealTree ├── fresh@0.3.0
22 silly idealTree ├── glob@3.2.11
22 silly idealTree ├── graceful-readlink@1.0.1
22 silly idealTree ├── has-binary@0.1.7
22 silly idealTree ├── has-cors@1.1.0
22 silly idealTree ├── hooks-fixed@1.2.0
22 silly idealTree ├── http-errors@1.3.1
22 silly idealTree ├── iconv-lite@0.4.11
22 silly idealTree ├── indexof@0.0.1
22 silly idealTree ├── inherits@2.0.3
22 silly idealTree ├── ipaddr.js@1.0.5
22 silly idealTree ├── is-buffer@1.1.4
22 silly idealTree ├── is-promise@2.1.0
22 silly idealTree ├── isarray@0.0.1
22 silly idealTree ├── jade@1.11.0
22 silly idealTree ├── json3@3.3.2
22 silly idealTree ├── jstransformer@0.0.2
22 silly idealTree ├── kareem@1.1.5
22 silly idealTree ├── kerberos@0.0.11
22 silly idealTree ├── kind-of@3.1.0
22 silly idealTree ├── lazy-cache@1.0.4
22 silly idealTree ├── lodash@4.17.2
22 silly idealTree ├── longest@1.0.1
22 silly idealTree ├── lru-cache@2.7.3
22 silly idealTree ├── media-typer@0.3.0
22 silly idealTree ├── merge-descriptors@1.0.0
22 silly idealTree ├─┬ method-override@2.3.7
22 silly idealTree │ ├── debug@2.3.3
22 silly idealTree │ ├── ms@0.7.2
22 silly idealTree │ └── vary@1.1.0
22 silly idealTree ├── methods@1.1.2
22 silly idealTree ├── mime-db@1.25.0
22 silly idealTree ├── mime-types@2.1.13
22 silly idealTree ├── mime@1.3.4
22 silly idealTree ├── minimatch@0.3.0
22 silly idealTree ├── minimist@0.0.8
22 silly idealTree ├── mkdirp@0.5.1
22 silly idealTree ├─┬ mongodb-core@2.1.2
22 silly idealTree │ └── bson@1.0.1
22 silly idealTree ├─┬ mongodb@1.4.40
22 silly idealTree │ ├── isarray@1.0.0
22 silly idealTree │ └── readable-stream@2.2.2
22 silly idealTree ├─┬ mongoose@4.7.4
22 silly idealTree │ ├── async@2.1.4
22 silly idealTree │ ├── bson@0.5.7
22 silly idealTree │ ├── isarray@1.0.0
22 silly idealTree │ ├── mongodb@2.2.16
22 silly idealTree │ ├── ms@0.7.2
22 silly idealTree │ └── readable-stream@2.1.5
22 silly idealTree ├── morgan@1.6.1
22 silly idealTree ├── mpath@0.2.1
22 silly idealTree ├── mpromise@0.5.5
22 silly idealTree ├─┬ mquery@2.0.0
22 silly idealTree │ └── sliced@0.0.5
22 silly idealTree ├── ms@0.7.1
22 silly idealTree ├── multiparty@3.3.2
22 silly idealTree ├── muri@1.1.1
22 silly idealTree ├── nan@1.8.4
22 silly idealTree ├── negotiator@0.5.3
22 silly idealTree ├── object-assign@4.1.0
22 silly idealTree ├── object-component@0.0.3
22 silly idealTree ├── on-finished@2.3.0
22 silly idealTree ├── on-headers@1.0.1
22 silly idealTree ├── optimist@0.3.7
22 silly idealTree ├── options@0.0.6
22 silly idealTree ├── parsejson@0.0.3
22 silly idealTree ├── parseqs@0.0.5
22 silly idealTree ├── parseuri@0.0.5
22 silly idealTree ├── parseurl@1.3.1
22 silly idealTree ├── pause@0.1.0
22 silly idealTree ├── process-nextick-args@1.0.7
22 silly idealTree ├── promise@6.1.0
22 silly idealTree ├── proxy-addr@1.0.10
22 silly idealTree ├── qs@4.0.0
22 silly idealTree ├── random-bytes@1.0.0
22 silly idealTree ├── range-parser@1.0.3
22 silly idealTree ├─┬ raw-body@2.1.7
22 silly idealTree │ ├── bytes@2.4.0
22 silly idealTree │ └── iconv-lite@0.4.13
22 silly idealTree ├── readable-stream@1.1.14
22 silly idealTree ├── regexp-clone@0.0.1
22 silly idealTree ├── repeat-string@1.6.1
22 silly idealTree ├── require_optional@1.0.0
22 silly idealTree ├── resolve-from@2.0.0
22 silly idealTree ├─┬ response-time@2.3.2
22 silly idealTree │ └── depd@1.1.0
22 silly idealTree ├── right-align@0.1.3
22 silly idealTree ├── rndm@1.2.0
22 silly idealTree ├── sax@0.5.8
22 silly idealTree ├── semver@5.3.0
22 silly idealTree ├─┬ send@0.13.0
22 silly idealTree │ ├── destroy@1.0.3
22 silly idealTree │ └── statuses@1.2.1
22 silly idealTree ├─┬ serve-favicon@2.3.2
22 silly idealTree │ └── ms@0.7.2
22 silly idealTree ├─┬ serve-index@1.7.3
22 silly idealTree │ └── escape-html@1.0.3
22 silly idealTree ├─┬ serve-static@1.10.3
22 silly idealTree │ ├── depd@1.1.0
22 silly idealTree │ ├── escape-html@1.0.3
22 silly idealTree │ ├── send@0.13.2
22 silly idealTree │ └── statuses@1.2.1
22 silly idealTree ├── sigmund@1.0.1
22 silly idealTree ├── sliced@1.0.1
22 silly idealTree ├─┬ socket.io-adapter@0.5.0
22 silly idealTree │ ├── debug@2.3.3
22 silly idealTree │ └── ms@0.7.2
22 silly idealTree ├─┬ socket.io-client@1.7.2
22 silly idealTree │ ├── component-emitter@1.2.1
22 silly idealTree │ ├── debug@2.3.3
22 silly idealTree │ └── ms@0.7.2
22 silly idealTree ├── socket.io-parser@2.3.1
22 silly idealTree ├─┬ socket.io@1.7.2
22 silly idealTree │ ├── debug@2.3.3
22 silly idealTree │ └── ms@0.7.2
22 silly idealTree ├── source-map@0.4.4
22 silly idealTree ├── statuses@1.3.1
22 silly idealTree ├── stream-counter@0.2.0
22 silly idealTree ├── string_decoder@0.10.31
22 silly idealTree ├─┬ stylus@0.49.3
22 silly idealTree │ ├── css-parse@1.7.0
22 silly idealTree │ ├── mkdirp@0.3.5
22 silly idealTree │ └── source-map@0.1.43
22 silly idealTree ├── to-array@0.1.4
22 silly idealTree ├─┬ transformers@2.1.0
22 silly idealTree │ ├── is-promise@1.0.1
22 silly idealTree │ ├── promise@2.0.0
22 silly idealTree │ ├── source-map@0.1.43
22 silly idealTree │ └── uglify-js@2.2.5
22 silly idealTree ├── tsscmp@1.0.5
22 silly idealTree ├── type-is@1.6.14
22 silly idealTree ├─┬ uglify-js@2.7.5
22 silly idealTree │ └── source-map@0.5.6
22 silly idealTree ├── uglify-to-browserify@1.0.2
22 silly idealTree ├── uid-safe@2.1.3
22 silly idealTree ├── ultron@1.0.2
22 silly idealTree ├── unpipe@1.0.0
22 silly idealTree ├── util-deprecate@1.0.2
22 silly idealTree ├── utils-merge@1.0.0
22 silly idealTree ├── vary@1.0.1
22 silly idealTree ├── vhost@3.0.2
22 silly idealTree ├── void-elements@2.0.1
22 silly idealTree ├── window-size@0.1.0
22 silly idealTree ├─┬ with@4.0.3
22 silly idealTree │ └── acorn@1.2.2
22 silly idealTree ├── wordwrap@0.0.3
22 silly idealTree ├── ws@1.1.1
22 silly idealTree ├── wtf-8@1.0.0
22 silly idealTree ├── xmlhttprequest-ssl@1.5.3
22 silly idealTree ├── yargs@3.10.0
22 silly idealTree └── yeast@0.1.2
23 silly generateActionsToTake Starting
24 silly install generateActionsToTake
25 silly rollbackFailedOptional Starting
26 silly rollbackFailedOptional Finishing
27 silly runTopLevelLifecycles Finishing
28 silly install printInstalled
29 verbose stack Error: /Users/nazeerhussain/Desktop/projects/NodeMVA-master/09_NodeChatroom/node_modules/js-bson: Appears to be a git repo or submodule.
29 verbose stack     at /usr/local/lib/node_modules/npm/node_modules/npm-install-checks/index.js:137:15
29 verbose stack     at FSReqWrap.oncomplete (fs.js:123:15)
30 verbose cwd /Users/nazeerhussain/Desktop/projects/NodeMVA-master/09_NodeChatroom
31 error Darwin 16.3.0
32 error argv "/usr/local/bin/node" "/usr/local/bin/npm" "install"
33 error node v6.9.1
34 error npm  v3.10.8
35 error path /Users/nazeerhussain/Desktop/projects/NodeMVA-master/09_NodeChatroom/node_modules/js-bson
36 error code EISGIT
37 error git /Users/nazeerhussain/Desktop/projects/NodeMVA-master/09_NodeChatroom/node_modules/js-bson: Appears to be a git repo or submodule.
38 error git /Users/nazeerhussain/Desktop/projects/NodeMVA-master/09_NodeChatroom/node_modules/js-bson
39 error git Refusing to remove it. Update manually,
39 error git or move it out of the way first.
40 verbose exit [ 1, true ]
